<?xml version="1.0" encoding="UTF-8"?>
<testng-results ignored="0" total="5" passed="4" failed="1" skipped="0">
  <reporter-output>
  </reporter-output>
  <suite started-at="2022-11-30T01:03:25 IST" name="Default suite" finished-at="2022-11-30T01:03:55 IST" duration-ms="30129">
    <groups>
    </groups>
    <test started-at="2022-11-30T01:03:25 IST" name="Default test" finished-at="2022-11-30T01:03:55 IST" duration-ms="30129">
      <class name="Assignment.test1">
        <test-method signature="homePage()[pri:0, instance:Assignment.test1@3232a28a]" started-at="2022-11-30T01:03:25 IST" name="homePage" finished-at="2022-11-30T01:03:30 IST" duration-ms="4893" status="PASS">
          <reporter-output>
          </reporter-output>
        </test-method> <!-- homePage -->
        <test-method signature="searchpage()[pri:1, instance:Assignment.test1@3232a28a]" started-at="2022-11-30T01:03:30 IST" name="searchpage" finished-at="2022-11-30T01:03:35 IST" duration-ms="5538" status="PASS">
          <reporter-output>
          </reporter-output>
        </test-method> <!-- searchpage -->
        <test-method signature="amazonlogin()[pri:2, instance:Assignment.test1@3232a28a]" started-at="2022-11-30T01:03:35 IST" name="amazonlogin" finished-at="2022-11-30T01:03:41 IST" duration-ms="5333" status="PASS">
          <reporter-output>
          </reporter-output>
        </test-method> <!-- amazonlogin -->
        <test-method signature="electronic()[pri:3, instance:Assignment.test1@3232a28a]" started-at="2022-11-30T01:03:41 IST" name="electronic" finished-at="2022-11-30T01:03:55 IST" duration-ms="14167" status="PASS">
          <reporter-output>
          </reporter-output>
        </test-method> <!-- electronic -->
        <test-method signature="pricecheck()[pri:4, instance:Assignment.test1@3232a28a]" started-at="2022-11-30T01:03:55 IST" name="pricecheck" finished-at="2022-11-30T01:03:55 IST" duration-ms="124" status="FAIL">
          <exception class="java.lang.NumberFormatException">
            <message>
              <![CDATA[For input string: "39,490"]]>
            </message>
            <full-stacktrace>
              <![CDATA[java.lang.NumberFormatException: For input string: "39,490"
at java.base/java.lang.NumberFormatException.forInputString(NumberFormatException.java:67)
at java.base/java.lang.Integer.parseInt(Integer.java:668)
at java.base/java.lang.Integer.parseInt(Integer.java:784)
at PageLayerClass.validate.pricevalidate(validate.java:27)
at Assignment.test1.pricecheck(test1.java:46)
at java.base/jdk.internal.reflect.DirectMethodHandleAccessor.invoke(DirectMethodHandleAccessor.java:104)
at java.base/java.lang.reflect.Method.invoke(Method.java:577)
at org.testng.internal.MethodInvocationHelper.invokeMethod(MethodInvocationHelper.java:133)
at org.testng.internal.TestInvoker.invokeMethod(TestInvoker.java:598)
at org.testng.internal.TestInvoker.invokeTestMethod(TestInvoker.java:173)
at org.testng.internal.MethodRunner.runInSequence(MethodRunner.java:46)
at org.testng.internal.TestInvoker$MethodInvocationAgent.invoke(TestInvoker.java:824)
at org.testng.internal.TestInvoker.invokeTestMethods(TestInvoker.java:146)
at org.testng.internal.TestMethodWorker.invokeTestMethods(TestMethodWorker.java:146)
at org.testng.internal.TestMethodWorker.run(TestMethodWorker.java:128)
at java.base/java.util.ArrayList.forEach(ArrayList.java:1511)
at org.testng.TestRunner.privateRun(TestRunner.java:794)
at org.testng.TestRunner.run(TestRunner.java:596)
at org.testng.SuiteRunner.runTest(SuiteRunner.java:377)
at org.testng.SuiteRunner.runSequentially(SuiteRunner.java:371)
at org.testng.SuiteRunner.privateRun(SuiteRunner.java:332)
at org.testng.SuiteRunner.run(SuiteRunner.java:276)
at org.testng.SuiteRunnerWorker.runSuite(SuiteRunnerWorker.java:53)
at org.testng.SuiteRunnerWorker.run(SuiteRunnerWorker.java:96)
at org.testng.TestNG.runSuitesSequentially(TestNG.java:1212)
at org.testng.TestNG.runSuitesLocally(TestNG.java:1134)
at org.testng.TestNG.runSuites(TestNG.java:1063)
at org.testng.TestNG.run(TestNG.java:1031)
at org.testng.remote.AbstractRemoteTestNG.run(AbstractRemoteTestNG.java:115)
at org.testng.remote.RemoteTestNG.initAndRun(RemoteTestNG.java:251)
at org.testng.remote.RemoteTestNG.main(RemoteTestNG.java:77)
]]>
            </full-stacktrace>
          </exception> <!-- java.lang.NumberFormatException -->
          <reporter-output>
          </reporter-output>
        </test-method> <!-- pricecheck -->
      </class> <!-- Assignment.test1 -->
    </test> <!-- Default test -->
  </suite> <!-- Default suite -->
</testng-results>
